<?xml version="1.0" encoding="UTF-8"?>
<testsuite name="com.bridgelabz.ValidEmailTest" tests="9" skipped="0" failures="0" errors="0" timestamp="2020-06-18T18:50:57" hostname="saurabh3250" time="0.012">
  <properties/>
  <testcase name="checkValidEmail[0]" classname="com.bridgelabz.ValidEmailTest" time="0.003"/>
  <testcase name="checkValidEmail[1]" classname="com.bridgelabz.ValidEmailTest" time="0.0"/>
  <testcase name="checkValidEmail[2]" classname="com.bridgelabz.ValidEmailTest" time="0.0"/>
  <testcase name="checkValidEmail[3]" classname="com.bridgelabz.ValidEmailTest" time="0.001"/>
  <testcase name="checkValidEmail[4]" classname="com.bridgelabz.ValidEmailTest" time="0.001"/>
  <testcase name="checkValidEmail[5]" classname="com.bridgelabz.ValidEmailTest" time="0.001"/>
  <testcase name="checkValidEmail[6]" classname="com.bridgelabz.ValidEmailTest" time="0.001"/>
  <testcase name="checkValidEmail[7]" classname="com.bridgelabz.ValidEmailTest" time="0.001"/>
  <testcase name="checkValidEmail[8]" classname="com.bridgelabz.ValidEmailTest" time="0.001"/>
  <system-out><![CDATA[]]></system-out>
  <system-err><![CDATA[]]></system-err>
</testsuite>
